#INFO: **** input file is /Users/yangjunjie/work/hub-bs-dmet/fitting.py ****
import os, sys, typing
from typing import List, Tuple, Callable
sys.path.append(".")

from functools import reduce

import numpy, scipy
from scipy import linalg
from scipy.optimize import basinhopping

import jax
import jax.numpy as jnumpy
from jax.scipy.linalg import eigh
from jax.scipy.optimize import minimize

def gen_loss_function_r(h1e: numpy.ndarray, rdm1_tag: numpy.ndarray, fit_inds: numpy.ndarray,
                             nelecs: Tuple[int, int], loss_func_type: int):
    """
    Generate the loss function for the fitting problem.

    The meanfield is assumed to be restricted, meaning that the state is the eigenstate of Sz and S2,
    where the alpha and beta electrons are doubly occupied in the same set of orbitals.

    Args:
        h1e (numpy.ndarray, shape=(nsite, nsite)):
            The one-body Hamiltonian, assumed to be identical for alpha and beta electrons.
        rdm1_tag (numpy.ndarray, shape=(nsite, nsite)):
            The target total density matrix.
        fit_inds (numpy.ndarray, shape=(nfrag, nimp)):
            List of indices for the fitting problem. Each element of the list is a list of indices for a fragment.
            The size of each fragment is assumed to be the same.
        nelecs (Tuple[int, int]):
            The number of alpha and beta electrons.
        loss_func_type (int):
            The type of the loss function.
            - 1: The loss function is the norm of the difference between the impurity block of the target
                 and the fitted density matrix.
            - 2: The loss function is the norm of the difference between the target and the fitted density matrix.

    Returns:
        f (LossFunctionMixin):
            An instance of the LossFunctionMixin class containing:
            - func: The loss function that takes the fitting parameters as input and returns the value of the loss function.
            - grad: The gradient of the loss function.
            - _fill_correlation_potential: A helper function to fill the correlation potential matrix. (for debugging purpose)
            - _get_density_matrix: A helper function to get the density matrix. (for debugging purpose)
    """
    # Convert fit_inds to a JAX array and extract dimensions
    fit_inds = jnumpy.asarray(fit_inds)
    nfrag    = fit_inds.shape[0]
    nimp     = fit_inds.shape[1]
    nsite    = nimp * nfrag

    ind_triu = jnumpy.triu_indices(nimp)
    num_triu = ind_triu[0].shape[0]
    num_parm = num_triu

    # Ensure that dimensions of f1e and rdm1_tag match expected dimensions
    assert h1e.shape      == (nsite, nsite)
    assert rdm1_tag.shape == (nsite, nsite)

    # Build the one-body Hamiltonian for the problem
    f1e = jnumpy.array(h1e)

    def fill_correlation_potential(x):
        # Generate indices for the upper triangle

        # Check that x has expected dimensions
        assert x.shape == (num_triu,)

        # Initialize potential with zeros
        v = jnumpy.zeros((nsite, nsite))

        # Set values in the upper triangle of the correlation potential matrix for each fragment
        for fit_ind in fit_inds:
            ind_fit_0 = fit_ind[ind_triu[0]]
            ind_fit_1 = fit_ind[ind_triu[1]]
            v = v.at[ind_fit_0, ind_fit_1].set(x)

        # Symmetrize the correlation potential matrix
        v_sym = v + jnumpy.transpose(v) - jnumpy.diag(jnumpy.diag(v))
        return v_sym

    def get_density_matrix(f1e):
        # Ensure that the number of alpha and beta electrons are the same
        assert nelecs[0] == nelecs[1]

        # Solve the restricted Hartree-Fock problem to get MO energies and coefficients
        mo_ene_alph, mo_coeff_alph = eigh(f1e)
        mo_ene_beta, mo_coeff_beta = mo_ene_alph, mo_coeff_alph

        # Select indices for occupied orbitals
        occ_idx_alph = jnumpy.argsort(mo_ene_alph)[:nelecs[0]]
        occ_idx_beta = jnumpy.argsort(mo_ene_beta)[:nelecs[1]]

        # Obtain occupied MO coefficients
        coeff_occ_alph = mo_coeff_alph[:, occ_idx_alph]
        coeff_occ_beta = mo_coeff_beta[:, occ_idx_beta]

        # Calculate alpha and beta RDMs
        rdm1_fit_alph  = jnumpy.dot(coeff_occ_alph, coeff_occ_alph.T)
        rdm1_fit_beta  = jnumpy.dot(coeff_occ_beta, coeff_occ_beta.T)

        return rdm1_fit_alph, rdm1_fit_beta

    # Define the loss function based on the specified type
    if loss_func_type == 1:
        def func(x):
            # Fill the correlation potential and calculate f1e
            f1e_fit  = f1e + fill_correlation_potential(x)
            # Obtain the total RDM
            rdm1_fit = (lambda rdm1: rdm1[0] + rdm1[1])(get_density_matrix(f1e_fit))
            # Calculate the difference between the target and fitted RDMs
            rdm1_err = rdm1_tag - rdm1_fit
            # The loss function is the norm of the RDM difference
            err = jnumpy.linalg.norm(rdm1_err)
            return err

    elif loss_func_type == 2:
        def func(x):
            # Fill the correlation potential and calculate f1e
            f1e_fit  = f1e + fill_correlation_potential(x)
            # Obtain the total RDM
            rdm1_fit = (lambda rdm1: rdm1[0] + rdm1[1])(get_density_matrix(f1e_fit))
            # Calculate the difference between the target and fitted RDMs
            rdm1_err = rdm1_tag - rdm1_fit
            # The loss function is the sum of the norms of the RDM differences for each fragment
            err = sum([jnumpy.linalg.norm(rdm1_err[fit_ind][:, fit_ind]) for fit_ind in fit_inds])
            return err

    else:
        raise ValueError("Invalid loss function type.")

    # Define a class with the loss function and its gradient, as well as the heler functions
    class _LossFunctionMixin:
        pass

    f = _LossFunctionMixin()

    # Main results
    f.func = (lambda x: numpy.array(func(x)))
    f.grad = (lambda x: numpy.array(jax.grad(func)(x)))
    f.hess = (lambda x: numpy.array(jax.hessian(func)(x)))

    # Helper functions
    f._fill_correlation_potential = fill_correlation_potential
    f._get_density_matrix         = get_density_matrix

    # Other attributes
    f._f1e      = f1e
    f._ind_triu = ind_triu
    f._num_triu = num_triu
    f._num_parm = num_parm

    # Return an instance of the class
    return f

def gen_loss_function_u(h1e: numpy.ndarray, rdm1_tag: numpy.ndarray, fit_inds: numpy.ndarray,
                             nelecs: Tuple[int, int], loss_func_type: int):
    """
    Generate the loss function for the fitting problem.

    The meanfield is assumed to be unrestricted, meaning that the state is the eigenstate of Sz but not S2,
    where the alpha and beta electrons are singly occupied in (possibly) different orbitals.

    Args:
        h1e (numpy.ndarray, shape=(nsite, nsite)):
            The one-body Hamiltonian, assumed to be identical for alpha and beta electrons.
        rdm1_tag (numpy.ndarray, shape=(nsite, nsite)):
            The target total density matrix.
        fit_inds (numpy.ndarray, shape=(nfrag, nimp)):
            List of indices for the fitting problem. Each element of the list is a list of indices for a fragment.
            The size of each fragment is assumed to be the same.
        nelecs (Tuple[int, int]):
            The number of alpha and beta electrons.
        loss_func_type (int):
            The type of the loss function.
            - 1: The loss function is the norm of the difference between the impurity block of the target
                 and the fitted density matrix.
            - 2: The loss function is the norm of the difference between the target and the fitted density matrix.

    Returns:
        f (LossFunctionMixin):
            An instance of the LossFunctionMixin class containing:
            - func: The loss function that takes the fitting parameters as input and returns the value of the loss function.
            - grad: The gradient of the loss function.
            - _fill_correlation_potential: A helper function to fill the correlation potential matrix. (for debugging purpose)
            - _get_density_matrix: A helper function to get the density matrix. (for debugging purpose)
    """
    # Convert fit_inds to a JAX array and extract dimensions
    fit_inds = jnumpy.asarray(fit_inds)
    nfrag    = fit_inds.shape[0]
    nimp     = fit_inds.shape[1]
    nsite    = nimp * nfrag

    ind_triu = jnumpy.triu_indices(nimp)
    num_triu = ind_triu[0].shape[0]
    num_parm = num_triu * 2

    # Ensure that dimensions of f1e and rdm1_tag match expected dimensions
    assert h1e.shape      == (nsite, nsite)
    assert rdm1_tag.shape == (nsite, nsite)

    # Build the one-body Hamiltonian for the problem
    f1e = jnumpy.array((h1e, h1e))

    def fill_correlation_potential(x):
        # Generate indices for the upper triangle

        # Check that x has expected dimensions
        assert x.shape == (num_parm,)

        # Initialize potential with zeros
        va = jnumpy.zeros((nsite, nsite))
        vb = jnumpy.zeros((nsite, nsite))

        # Set values in the upper triangle of the correlation potential matrix for each fragment
        for fit_ind in fit_inds:
            ind_fit_0 = fit_ind[ind_triu[0]]
            ind_fit_1 = fit_ind[ind_triu[1]]

            va = va.at[ind_fit_0, ind_fit_1].set(x[:num_triu])
            vb = vb.at[ind_fit_0, ind_fit_1].set(x[num_triu:])

        # Symmetrize the correlation potential matrix
        va_sym = va + jnumpy.transpose(va) - jnumpy.diag(jnumpy.diag(va))
        vb_sym = vb + jnumpy.transpose(vb) - jnumpy.diag(jnumpy.diag(vb))
        return jnumpy.array((va_sym, vb_sym))

    def get_density_matrix(f1e):
        # Ensure that the number of alpha and beta electrons are the same
        assert nelecs[0] == nelecs[1]

        # Solve the restricted Hartree-Fock problem to get MO energies and coefficients
        mo_ene_alph, mo_coeff_alph = eigh(f1e[0])
        mo_ene_beta, mo_coeff_beta = eigh(f1e[1])

        # Select indices for occupied orbitals
        occ_idx_alph = jnumpy.argsort(mo_ene_alph)[:nelecs[0]]
        occ_idx_beta = jnumpy.argsort(mo_ene_beta)[:nelecs[1]]

        # Obtain occupied MO coefficients
        coeff_occ_alph = mo_coeff_alph[:, occ_idx_alph]
        coeff_occ_beta = mo_coeff_beta[:, occ_idx_beta]

        # Calculate alpha and beta RDMs
        rdm1_fit_alph  = jnumpy.dot(coeff_occ_alph, coeff_occ_alph.T)
        rdm1_fit_beta  = jnumpy.dot(coeff_occ_beta, coeff_occ_beta.T)

        return rdm1_fit_alph, rdm1_fit_beta

    # Define the loss function based on the specified type
    if loss_func_type == 1:
        def func(x):
            # Fill the correlation potential and calculate f1e
            f1e_fit  = f1e + fill_correlation_potential(x)
            # Obtain the total RDM
            rdm1_fit = (lambda rdm1: rdm1[0] + rdm1[1])(get_density_matrix(f1e_fit))
            # Calculate the difference between the target and fitted RDMs
            rdm1_err = rdm1_tag - rdm1_fit
            # The loss function is the norm of the RDM difference
            err = jnumpy.linalg.norm(rdm1_err)
            return err

    elif loss_func_type == 2:
        def func(x):
            # Fill the correlation potential and calculate f1e
            f1e_fit  = f1e + fill_correlation_potential(x)
            # Obtain the total RDM
            rdm1_fit = (lambda rdm1: rdm1[0] + rdm1[1])(get_density_matrix(f1e_fit))
            # Calculate the difference between the target and fitted RDMs
            rdm1_err = rdm1_tag - rdm1_fit
            # The loss function is the sum of the norms of the RDM differences for each fragment
            err = sum([jnumpy.linalg.norm(rdm1_err[fit_ind][:, fit_ind]) for fit_ind in fit_inds])
            return err

    else:
        raise ValueError("Invalid loss function type.")

    # Define a class with the loss function and its gradient, as well as the helper functions
    class _LossFunctionMixin:
        pass

    f = _LossFunctionMixin()

    # Main results
    f.func = (lambda x: numpy.array(func(x)))
    f.grad = (lambda x: numpy.array(jax.grad(func)(x)))
    f.hess = (lambda x: numpy.array(jax.hessian(func)(x)))

    # Helper functions
    f._fill_correlation_potential = fill_correlation_potential
    f._get_density_matrix         = get_density_matrix

    # Other attributes
    f._f1e      = f1e
    f._ind_triu = ind_triu
    f._num_triu = num_triu
    f._num_parm = num_parm

    # Return an instance of the class
    return f

from utils import print_matrix
from utils import RestrictedElectronicStructureProblem

from utils import solve_restricted_hartree_fock
from utils import solve_unrestricted_hartree_fock
from utils import solve_direct_spin1_full_configuration_interaction

from hub import build_hub_model
hub_u = 8.0
nsite  = 6
is_debug = True

for nelecs in [(2, 2), (3, 3), (4, 4)]:
    if is_debug and (not nelecs == (3, 3)):
        continue

    log = open(f"./log/hub-u-{hub_u:6.4f}-nelec-{nelecs[0]+nelecs[1]}" + ".log", "w")

    hub_obj         = build_hub_model(nsite, nelecs, hub_u)
    hub_obj.verbose = 4
    hub_obj.stdout  = log
    dm0_alph, dm0_beta = (lambda xs: (numpy.diag(xs[0]), numpy.diag(xs[1][::-1])))(numpy.asarray([[1, 0] for _ in range(nsite)]).reshape(2, -1))

    res_rhf = solve_restricted_hartree_fock(hub_obj,   dm0=dm0_alph+dm0_beta)
    res_uhf = solve_unrestricted_hartree_fock(hub_obj, dm0=(dm0_alph, dm0_beta))
    res_fci = solve_direct_spin1_full_configuration_interaction(hub_obj)

    ene_rhf = res_rhf.get_ene()
    ene_uhf = res_uhf.get_ene()
    ene_fci = res_fci.get_ene()

    r_rdm1_rhf = res_rhf.get_r_rdm1()
    r_rdm1_uhf = res_uhf.get_r_rdm1()
    r_rdm1_fci = res_fci.get_r_rdm1()
    rdm1_tag   = r_rdm1_fci

    for res in [res_rhf, res_uhf, res_fci]:
        ene    = res.get_ene()
        r_rdm1 = res.get_r_rdm1()
        u_rdm1 = res.get_u_rdm1()

        dm_err = numpy.abs(r_rdm1_fci - r_rdm1) 
        err_max = numpy.max(dm_err)
        err_avg = numpy.linalg.norm(dm_err) / numpy.size(dm_err)

        print(f"\n\n{res.__class__.__name__}", file=log)
        print(f"Energy: {ene:6.4f}, Error Max: {err_max:6.4e}, Avg: {err_avg:6.4e}", file=log)
        print_matrix(r_rdm1,    t="r_rdm1 = ", stdout=log)
        print_matrix(u_rdm1[0], t="u_rdm1_alph = ", stdout=log)
        print_matrix(u_rdm1[1], t="u_rdm1_beta = ", stdout=log)

    for igen_loss, gen_loss in enumerate([gen_loss_function_r, gen_loss_function_u]):
        for (nimp, loss_func_type) in [(2, 1), (2, 2), (nsite, 1)]:
            if is_debug and (not (igen_loss == 1 and nimp == 2 and loss_func_type == 1)):
                continue
            
            f = gen_loss(
                hub_obj.h1, rdm1_tag, nelecs=nelecs, loss_func_type=loss_func_type, 
                fit_inds=numpy.asarray([[i+ifrag*nimp for i in range(nimp)] for ifrag in range(nsite // nimp)])
                )

            print("\n\n" + "#"*20, file=log)
            print(f"{gen_loss.__name__}", file=log)
            print(f"nimp = {nimp}, nsite = {nsite}", file=log)
            print(f"nelecs = {nelecs}", file=log)
            print(f"loss_func_type = {loss_func_type}", file=log)

            global count
            count = 0

            def callback(x, y, accepted):
                f1e_fit  = f._f1e + f._fill_correlation_potential(x)
                rdm1_fit = (lambda rdm1: rdm1[0] + rdm1[1])(f._get_density_matrix(f1e_fit))
                rdm1_err = jnumpy.abs(rdm1_tag - rdm1_fit)
                err_mean = jnumpy.linalg.norm(rdm1_err) / numpy.size(rdm1_err)
                err_max  = jnumpy.max(rdm1_err)

                global count
                if is_debug:
                    print(f"\nLoss Function = {y:6.4e}, {f.func(x):6.4e}, Error Mean: {err_mean:6.4e}, Max: {err_max:6.4e}, Count: {count}")
                    print(f"x = " + " ".join([f"{xi:6.4f}" for xi in x]))
                #     print_matrix(f1e_fit[0], t="f1e_fit  = ")
                #     print_matrix(f1e_fit[1], t="f1e_fit  = ")
                #     print_matrix(rdm1_fit,   t="rdm1_fit = ")
                #     print_matrix(rdm1_err,   t="rdm1_err = ")
                #     assert count != 10
                
                print(f"Loss Function = {y:6.4e}, Error Mean: {err_mean:6.4e}, Max: {err_max:6.4e}, Count: {count}", file=log)
                count += 1

            kwargs = {
                "method": "bfgs", 
                "jac": f.grad, 
                "tol": 1e-4, 
                "options": {"disp": False, "maxiter": 1000}
                }

            x0 = numpy.zeros(f._num_parm)

            res = basinhopping(
                f.func, x0, niter=1000, T=0.1, stepsize=0.6, disp=False,
                callback=callback, minimizer_kwargs=kwargs, 
                niter_success=100, interval=10, 
                )

            x = res.x

            print(f"\nLoss Function = {res.fun:6.4e}", file=log)
            print(f"Success = {res.lowest_optimization_result.success}", file=log)
            print(f"Message = {res.lowest_optimization_result.message}", file=log)
            print(f"Count = {count}", file=log)
            print(f"X = {res.x}", file=log)
            print(res, file=log)
            print("\n\n" + "#"*20, file=log)#INFO: ******************** input file end ********************


System: uname_result(system='Darwin', node='Junjies-MacBook-Air.local', release='22.5.0', version='Darwin Kernel Version 22.5.0: Thu Jun  8 22:21:34 PDT 2023; root:xnu-8796.121.3~7/RELEASE_ARM64_T8112', machine='arm64')  Threads 1
Python 3.11.3 | packaged by conda-forge | (main, Apr  6 2023, 08:58:31) [Clang 14.0.6 ]
numpy 1.24.3  scipy 1.10.1
Date: Thu Jul 20 21:05:57 2023
PySCF version 2.2.1
PySCF path  /Users/yangjunjie/packages/pyscf/pyscf-2.2.1/pyscf

[CONFIG] conf_file None
[INPUT] verbose = 4
[INPUT] num. atoms = 0
[INPUT] num. electrons = 6
[INPUT] charge = 0
[INPUT] spin (= nelec alpha-beta = 2S) = 0
[INPUT] symmetry False subgroup None
[INPUT] Mole.unit = angstrom
[INPUT] Symbol           X                Y                Z      unit          X                Y                Z       unit  Magmom

nuclear repulsion = 0
number of shells = 0
number of NR pGTOs = 0
number of NR cGTOs = 0
basis = sto-3g
ecp = {}
CPU time:         0.45


******** <class 'pyscf.scf.hf.RHF'> ********
method = RHF
initial guess = minao
damping factor = 0
level_shift factor = 0
DIIS = <class 'pyscf.scf.diis.CDIIS'>
diis_start_cycle = 1
diis_space = 8
SCF conv_tol = 1e-06
SCF conv_tol_grad = None
SCF max_cycles = 200
direct_scf = True
direct_scf_tol = 1e-13
chkfile to save SCF result = /var/folders/14/127wb84x5yx1jh4dxrvgcfkm0000gn/T/tmpald4c5kj
max_memory 4000 MB (current use 0 MB)
Overwritten attributes  get_hcore get_ovlp  of <class 'pyscf.scf.hf.RHF'>
Set gradient conv threshold to 0.001
init E= 12
  HOMO = 3  LUMO = 5
cycle= 1 E= 3.99999999999999  delta_E=   -8  |g|= 7.41e-15  |ddm|= 2.45
  HOMO = 3  LUMO = 5
cycle= 2 E= 4.00000000000001  delta_E= 2.13e-14  |g|= 1.29e-14  |ddm|= 5.62e-15
  HOMO = 3  LUMO = 5
Extra cycle  E= 4  delta_E= -1.42e-14  |g|= 4.32e-14  |ddm|= 8.98e-15
converged SCF energy = 4
#INFO: **** input file is /Users/yangjunjie/work/hub-bs-dmet/fitting.py ****
import os, sys, typing
from typing import List, Tuple, Callable
sys.path.append(".")

from functools import reduce

import numpy, scipy
from scipy import linalg
from scipy.optimize import basinhopping

import jax
import jax.numpy as jnumpy
from jax.scipy.linalg import eigh
from jax.scipy.optimize import minimize

def gen_loss_function_r(h1e: numpy.ndarray, rdm1_tag: numpy.ndarray, fit_inds: numpy.ndarray,
                             nelecs: Tuple[int, int], loss_func_type: int):
    """
    Generate the loss function for the fitting problem.

    The meanfield is assumed to be restricted, meaning that the state is the eigenstate of Sz and S2,
    where the alpha and beta electrons are doubly occupied in the same set of orbitals.

    Args:
        h1e (numpy.ndarray, shape=(nsite, nsite)):
            The one-body Hamiltonian, assumed to be identical for alpha and beta electrons.
        rdm1_tag (numpy.ndarray, shape=(nsite, nsite)):
            The target total density matrix.
        fit_inds (numpy.ndarray, shape=(nfrag, nimp)):
            List of indices for the fitting problem. Each element of the list is a list of indices for a fragment.
            The size of each fragment is assumed to be the same.
        nelecs (Tuple[int, int]):
            The number of alpha and beta electrons.
        loss_func_type (int):
            The type of the loss function.
            - 1: The loss function is the norm of the difference between the impurity block of the target
                 and the fitted density matrix.
            - 2: The loss function is the norm of the difference between the target and the fitted density matrix.

    Returns:
        f (LossFunctionMixin):
            An instance of the LossFunctionMixin class containing:
            - func: The loss function that takes the fitting parameters as input and returns the value of the loss function.
            - grad: The gradient of the loss function.
            - _fill_correlation_potential: A helper function to fill the correlation potential matrix. (for debugging purpose)
            - _get_density_matrix: A helper function to get the density matrix. (for debugging purpose)
    """
    # Convert fit_inds to a JAX array and extract dimensions
    fit_inds = jnumpy.asarray(fit_inds)
    nfrag    = fit_inds.shape[0]
    nimp     = fit_inds.shape[1]
    nsite    = nimp * nfrag

    ind_triu = jnumpy.triu_indices(nimp)
    num_triu = ind_triu[0].shape[0]
    num_parm = num_triu

    # Ensure that dimensions of f1e and rdm1_tag match expected dimensions
    assert h1e.shape      == (nsite, nsite)
    assert rdm1_tag.shape == (nsite, nsite)

    # Build the one-body Hamiltonian for the problem
    f1e = jnumpy.array(h1e)

    def fill_correlation_potential(x):
        # Generate indices for the upper triangle

        # Check that x has expected dimensions
        assert x.shape == (num_triu,)

        # Initialize potential with zeros
        v = jnumpy.zeros((nsite, nsite))

        # Set values in the upper triangle of the correlation potential matrix for each fragment
        for fit_ind in fit_inds:
            ind_fit_0 = fit_ind[ind_triu[0]]
            ind_fit_1 = fit_ind[ind_triu[1]]
            v = v.at[ind_fit_0, ind_fit_1].set(x)

        # Symmetrize the correlation potential matrix
        v_sym = v + jnumpy.transpose(v) - jnumpy.diag(jnumpy.diag(v))
        return v_sym

    def get_density_matrix(f1e):
        # Ensure that the number of alpha and beta electrons are the same
        assert nelecs[0] == nelecs[1]

        # Solve the restricted Hartree-Fock problem to get MO energies and coefficients
        mo_ene_alph, mo_coeff_alph = eigh(f1e)
        mo_ene_beta, mo_coeff_beta = mo_ene_alph, mo_coeff_alph

        # Select indices for occupied orbitals
        occ_idx_alph = jnumpy.argsort(mo_ene_alph)[:nelecs[0]]
        occ_idx_beta = jnumpy.argsort(mo_ene_beta)[:nelecs[1]]

        # Obtain occupied MO coefficients
        coeff_occ_alph = mo_coeff_alph[:, occ_idx_alph]
        coeff_occ_beta = mo_coeff_beta[:, occ_idx_beta]

        # Calculate alpha and beta RDMs
        rdm1_fit_alph  = jnumpy.dot(coeff_occ_alph, coeff_occ_alph.T)
        rdm1_fit_beta  = jnumpy.dot(coeff_occ_beta, coeff_occ_beta.T)

        return rdm1_fit_alph, rdm1_fit_beta

    # Define the loss function based on the specified type
    if loss_func_type == 1:
        def func(x):
            # Fill the correlation potential and calculate f1e
            f1e_fit  = f1e + fill_correlation_potential(x)
            # Obtain the total RDM
            rdm1_fit = (lambda rdm1: rdm1[0] + rdm1[1])(get_density_matrix(f1e_fit))
            # Calculate the difference between the target and fitted RDMs
            rdm1_err = rdm1_tag - rdm1_fit
            # The loss function is the norm of the RDM difference
            err = jnumpy.linalg.norm(rdm1_err)
            return err

    elif loss_func_type == 2:
        def func(x):
            # Fill the correlation potential and calculate f1e
            f1e_fit  = f1e + fill_correlation_potential(x)
            # Obtain the total RDM
            rdm1_fit = (lambda rdm1: rdm1[0] + rdm1[1])(get_density_matrix(f1e_fit))
            # Calculate the difference between the target and fitted RDMs
            rdm1_err = rdm1_tag - rdm1_fit
            # The loss function is the sum of the norms of the RDM differences for each fragment
            err = sum([jnumpy.linalg.norm(rdm1_err[fit_ind][:, fit_ind]) for fit_ind in fit_inds])
            return err

    else:
        raise ValueError("Invalid loss function type.")

    # Define a class with the loss function and its gradient, as well as the heler functions
    class _LossFunctionMixin:
        pass

    f = _LossFunctionMixin()

    # Main results
    f.func = (lambda x: numpy.array(func(x)))
    f.grad = (lambda x: numpy.array(jax.grad(func)(x)))
    f.hess = (lambda x: numpy.array(jax.hessian(func)(x)))

    # Helper functions
    f._fill_correlation_potential = fill_correlation_potential
    f._get_density_matrix         = get_density_matrix

    # Other attributes
    f._f1e      = f1e
    f._ind_triu = ind_triu
    f._num_triu = num_triu
    f._num_parm = num_parm

    # Return an instance of the class
    return f

def gen_loss_function_u(h1e: numpy.ndarray, rdm1_tag: numpy.ndarray, fit_inds: numpy.ndarray,
                             nelecs: Tuple[int, int], loss_func_type: int):
    """
    Generate the loss function for the fitting problem.

    The meanfield is assumed to be unrestricted, meaning that the state is the eigenstate of Sz but not S2,
    where the alpha and beta electrons are singly occupied in (possibly) different orbitals.

    Args:
        h1e (numpy.ndarray, shape=(nsite, nsite)):
            The one-body Hamiltonian, assumed to be identical for alpha and beta electrons.
        rdm1_tag (numpy.ndarray, shape=(nsite, nsite)):
            The target total density matrix.
        fit_inds (numpy.ndarray, shape=(nfrag, nimp)):
            List of indices for the fitting problem. Each element of the list is a list of indices for a fragment.
            The size of each fragment is assumed to be the same.
        nelecs (Tuple[int, int]):
            The number of alpha and beta electrons.
        loss_func_type (int):
            The type of the loss function.
            - 1: The loss function is the norm of the difference between the impurity block of the target
                 and the fitted density matrix.
            - 2: The loss function is the norm of the difference between the target and the fitted density matrix.

    Returns:
        f (LossFunctionMixin):
            An instance of the LossFunctionMixin class containing:
            - func: The loss function that takes the fitting parameters as input and returns the value of the loss function.
            - grad: The gradient of the loss function.
            - _fill_correlation_potential: A helper function to fill the correlation potential matrix. (for debugging purpose)
            - _get_density_matrix: A helper function to get the density matrix. (for debugging purpose)
    """
    # Convert fit_inds to a JAX array and extract dimensions
    fit_inds = jnumpy.asarray(fit_inds)
    nfrag    = fit_inds.shape[0]
    nimp     = fit_inds.shape[1]
    nsite    = nimp * nfrag

    ind_triu = jnumpy.triu_indices(nimp)
    num_triu = ind_triu[0].shape[0]
    num_parm = num_triu * 2

    # Ensure that dimensions of f1e and rdm1_tag match expected dimensions
    assert h1e.shape      == (nsite, nsite)
    assert rdm1_tag.shape == (nsite, nsite)

    # Build the one-body Hamiltonian for the problem
    f1e = jnumpy.array((h1e, h1e))

    def fill_correlation_potential(x):
        # Generate indices for the upper triangle

        # Check that x has expected dimensions
        assert x.shape == (num_parm,)

        # Initialize potential with zeros
        va = jnumpy.zeros((nsite, nsite))
        vb = jnumpy.zeros((nsite, nsite))

        # Set values in the upper triangle of the correlation potential matrix for each fragment
        for fit_ind in fit_inds:
            ind_fit_0 = fit_ind[ind_triu[0]]
            ind_fit_1 = fit_ind[ind_triu[1]]

            va = va.at[ind_fit_0, ind_fit_1].set(x[:num_triu])
            vb = vb.at[ind_fit_0, ind_fit_1].set(x[num_triu:])

        # Symmetrize the correlation potential matrix
        va_sym = va + jnumpy.transpose(va) - jnumpy.diag(jnumpy.diag(va))
        vb_sym = vb + jnumpy.transpose(vb) - jnumpy.diag(jnumpy.diag(vb))
        return jnumpy.array((va_sym, vb_sym))

    def get_density_matrix(f1e):
        # Ensure that the number of alpha and beta electrons are the same
        assert nelecs[0] == nelecs[1]

        # Solve the restricted Hartree-Fock problem to get MO energies and coefficients
        mo_ene_alph, mo_coeff_alph = eigh(f1e[0])
        mo_ene_beta, mo_coeff_beta = eigh(f1e[1])

        # Select indices for occupied orbitals
        occ_idx_alph = jnumpy.argsort(mo_ene_alph)[:nelecs[0]]
        occ_idx_beta = jnumpy.argsort(mo_ene_beta)[:nelecs[1]]

        # Obtain occupied MO coefficients
        coeff_occ_alph = mo_coeff_alph[:, occ_idx_alph]
        coeff_occ_beta = mo_coeff_beta[:, occ_idx_beta]

        # Calculate alpha and beta RDMs
        rdm1_fit_alph  = jnumpy.dot(coeff_occ_alph, coeff_occ_alph.T)
        rdm1_fit_beta  = jnumpy.dot(coeff_occ_beta, coeff_occ_beta.T)

        return rdm1_fit_alph, rdm1_fit_beta

    # Define the loss function based on the specified type
    if loss_func_type == 1:
        def func(x):
            # Fill the correlation potential and calculate f1e
            f1e_fit  = f1e + fill_correlation_potential(x)
            # Obtain the total RDM
            rdm1_fit = (lambda rdm1: rdm1[0] + rdm1[1])(get_density_matrix(f1e_fit))
            # Calculate the difference between the target and fitted RDMs
            rdm1_err = rdm1_tag - rdm1_fit
            # The loss function is the norm of the RDM difference
            err = jnumpy.linalg.norm(rdm1_err)
            return err

    elif loss_func_type == 2:
        def func(x):
            # Fill the correlation potential and calculate f1e
            f1e_fit  = f1e + fill_correlation_potential(x)
            # Obtain the total RDM
            rdm1_fit = (lambda rdm1: rdm1[0] + rdm1[1])(get_density_matrix(f1e_fit))
            # Calculate the difference between the target and fitted RDMs
            rdm1_err = rdm1_tag - rdm1_fit
            # The loss function is the sum of the norms of the RDM differences for each fragment
            err = sum([jnumpy.linalg.norm(rdm1_err[fit_ind][:, fit_ind]) for fit_ind in fit_inds])
            return err

    else:
        raise ValueError("Invalid loss function type.")

    # Define a class with the loss function and its gradient, as well as the helper functions
    class _LossFunctionMixin:
        pass

    f = _LossFunctionMixin()

    # Main results
    f.func = (lambda x: numpy.array(func(x)))
    f.grad = (lambda x: numpy.array(jax.grad(func)(x)))
    f.hess = (lambda x: numpy.array(jax.hessian(func)(x)))

    # Helper functions
    f._fill_correlation_potential = fill_correlation_potential
    f._get_density_matrix         = get_density_matrix

    # Other attributes
    f._f1e      = f1e
    f._ind_triu = ind_triu
    f._num_triu = num_triu
    f._num_parm = num_parm

    # Return an instance of the class
    return f

from utils import print_matrix
from utils import RestrictedElectronicStructureProblem

from utils import solve_restricted_hartree_fock
from utils import solve_unrestricted_hartree_fock
from utils import solve_direct_spin1_full_configuration_interaction

from hub import build_hub_model
hub_u = 8.0
nsite  = 6
is_debug = True

for nelecs in [(2, 2), (3, 3), (4, 4)]:
    if is_debug and (not nelecs == (3, 3)):
        continue

    log = open(f"./log/hub-u-{hub_u:6.4f}-nelec-{nelecs[0]+nelecs[1]}" + ".log", "w")

    hub_obj         = build_hub_model(nsite, nelecs, hub_u)
    hub_obj.verbose = 4
    hub_obj.stdout  = log
    dm0_alph, dm0_beta = (lambda xs: (numpy.diag(xs[0]), numpy.diag(xs[1][::-1])))(numpy.asarray([[1, 0] for _ in range(nsite)]).reshape(2, -1))

    res_rhf = solve_restricted_hartree_fock(hub_obj,   dm0=dm0_alph+dm0_beta)
    res_uhf = solve_unrestricted_hartree_fock(hub_obj, dm0=(dm0_alph, dm0_beta))
    res_fci = solve_direct_spin1_full_configuration_interaction(hub_obj)

    ene_rhf = res_rhf.get_ene()
    ene_uhf = res_uhf.get_ene()
    ene_fci = res_fci.get_ene()

    r_rdm1_rhf = res_rhf.get_r_rdm1()
    r_rdm1_uhf = res_uhf.get_r_rdm1()
    r_rdm1_fci = res_fci.get_r_rdm1()
    rdm1_tag   = r_rdm1_fci

    for res in [res_rhf, res_uhf, res_fci]:
        ene    = res.get_ene()
        r_rdm1 = res.get_r_rdm1()
        u_rdm1 = res.get_u_rdm1()

        dm_err = numpy.abs(r_rdm1_fci - r_rdm1) 
        err_max = numpy.max(dm_err)
        err_avg = numpy.linalg.norm(dm_err) / numpy.size(dm_err)

        print(f"\n\n{res.__class__.__name__}", file=log)
        print(f"Energy: {ene:6.4f}, Error Max: {err_max:6.4e}, Avg: {err_avg:6.4e}", file=log)
        print_matrix(r_rdm1,    t="r_rdm1 = ", stdout=log)
        print_matrix(u_rdm1[0], t="u_rdm1_alph = ", stdout=log)
        print_matrix(u_rdm1[1], t="u_rdm1_beta = ", stdout=log)

    for igen_loss, gen_loss in enumerate([gen_loss_function_r, gen_loss_function_u]):
        for (nimp, loss_func_type) in [(2, 1), (2, 2), (nsite, 1)]:
            if is_debug and (not (igen_loss == 1 and nimp == 2 and loss_func_type == 1)):
                continue
            
            f = gen_loss(
                hub_obj.h1, rdm1_tag, nelecs=nelecs, loss_func_type=loss_func_type, 
                fit_inds=numpy.asarray([[i+ifrag*nimp for i in range(nimp)] for ifrag in range(nsite // nimp)])
                )

            print("\n\n" + "#"*20, file=log)
            print(f"{gen_loss.__name__}", file=log)
            print(f"nimp = {nimp}, nsite = {nsite}", file=log)
            print(f"nelecs = {nelecs}", file=log)
            print(f"loss_func_type = {loss_func_type}", file=log)

            global count
            count = 0

            def callback(x, y, accepted):
                f1e_fit  = f._f1e + f._fill_correlation_potential(x)
                rdm1_fit = (lambda rdm1: rdm1[0] + rdm1[1])(f._get_density_matrix(f1e_fit))
                rdm1_err = jnumpy.abs(rdm1_tag - rdm1_fit)
                err_mean = jnumpy.linalg.norm(rdm1_err) / numpy.size(rdm1_err)
                err_max  = jnumpy.max(rdm1_err)

                global count
                if is_debug:
                    print(f"\nLoss Function = {y:6.4e}, {f.func(x):6.4e}, Error Mean: {err_mean:6.4e}, Max: {err_max:6.4e}, Count: {count}")
                    print(f"x = " + " ".join([f"{xi:6.4f}" for xi in x]))
                #     print_matrix(f1e_fit[0], t="f1e_fit  = ")
                #     print_matrix(f1e_fit[1], t="f1e_fit  = ")
                #     print_matrix(rdm1_fit,   t="rdm1_fit = ")
                #     print_matrix(rdm1_err,   t="rdm1_err = ")
                #     assert count != 10
                
                print(f"Loss Function = {y:6.4e}, Error Mean: {err_mean:6.4e}, Max: {err_max:6.4e}, Count: {count}", file=log)
                count += 1

            kwargs = {
                "method": "bfgs", 
                "jac": f.grad, 
                "tol": 1e-4, 
                "options": {"disp": False, "maxiter": 1000}
                }

            x0 = numpy.zeros(f._num_parm)

            res = basinhopping(
                f.func, x0, niter=1000, T=0.1, stepsize=0.6, disp=False,
                callback=callback, minimizer_kwargs=kwargs, 
                niter_success=100, interval=10, 
                )

            x = res.x

            print(f"\nLoss Function = {res.fun:6.4e}", file=log)
            print(f"Success = {res.lowest_optimization_result.success}", file=log)
            print(f"Message = {res.lowest_optimization_result.message}", file=log)
            print(f"Count = {count}", file=log)
            print(f"X = {res.x}", file=log)
            print(res, file=log)
            print("\n\n" + "#"*20, file=log)#INFO: ******************** input file end ********************


System: uname_result(system='Darwin', node='Junjies-MacBook-Air.local', release='22.5.0', version='Darwin Kernel Version 22.5.0: Thu Jun  8 22:21:34 PDT 2023; root:xnu-8796.121.3~7/RELEASE_ARM64_T8112', machine='arm64')  Threads 1
Python 3.11.3 | packaged by conda-forge | (main, Apr  6 2023, 08:58:31) [Clang 14.0.6 ]
numpy 1.24.3  scipy 1.10.1
Date: Thu Jul 20 21:05:57 2023
PySCF version 2.2.1
PySCF path  /Users/yangjunjie/packages/pyscf/pyscf-2.2.1/pyscf

[CONFIG] conf_file None
[INPUT] verbose = 4
[INPUT] num. atoms = 0
[INPUT] num. electrons = 6
[INPUT] charge = 0
[INPUT] spin (= nelec alpha-beta = 2S) = 0
[INPUT] symmetry False subgroup None
[INPUT] Mole.unit = angstrom
[INPUT] Symbol           X                Y                Z      unit          X                Y                Z       unit  Magmom

nuclear repulsion = 0
number of shells = 0
number of NR pGTOs = 0
number of NR cGTOs = 0
basis = sto-3g
ecp = {}
CPU time:         0.47


******** <class 'pyscf.scf.uhf.UHF'> ********
method = UHF
initial guess = minao
damping factor = 0
level_shift factor = 0
DIIS = <class 'pyscf.scf.diis.CDIIS'>
diis_start_cycle = 1
diis_space = 8
SCF conv_tol = 1e-06
SCF conv_tol_grad = None
SCF max_cycles = 200
direct_scf = True
direct_scf_tol = 1e-13
chkfile to save SCF result = /var/folders/14/127wb84x5yx1jh4dxrvgcfkm0000gn/T/tmp1y19gfd7
max_memory 4000 MB (current use 0 MB)
number electrons alpha = 3  beta = 3
Overwritten attributes  get_hcore get_ovlp  of <class 'pyscf.scf.uhf.UHF'>
Set gradient conv threshold to 0.001
init E= 0
  alpha nocc = 3  HOMO = -0.123105625617661  LUMO = 8.12310562561766
  beta  nocc = 3  HOMO = -0.123105625617661  LUMO = 8.12310562561766
cycle= 1 E= -1.47312115874708  delta_E= -1.47  |g|= 0.176  |ddm|= 0.575
  alpha nocc = 3  HOMO = 0.0903326183076389  LUMO = 7.90966738169236
  beta  nocc = 3  HOMO = 0.0903326183076365  LUMO = 7.90966738169237
cycle= 2 E= -1.47725639450065  delta_E= -0.00414  |g|= 0.0194  |ddm|= 0.0301
  alpha nocc = 3  HOMO = 0.115471455540606  LUMO = 7.88452854445939
  beta  nocc = 3  HOMO = 0.115471455540607  LUMO = 7.88452854445939
cycle= 3 E= -1.47730782420845  delta_E= -5.14e-05  |g|= 7.98e-05  |ddm|= 0.00375
  alpha nocc = 3  HOMO = 0.115575007304049  LUMO = 7.88442499269594
  beta  nocc = 3  HOMO = 0.11557500730405  LUMO = 7.88442499269595
cycle= 4 E= -1.47730782508382  delta_E= -8.75e-10  |g|= 3.74e-10  |ddm|= 1.55e-05
  alpha nocc = 3  HOMO = 0.115575006874255  LUMO = 7.88442499312574
  beta  nocc = 3  HOMO = 0.115575006874255  LUMO = 7.88442499312574
Extra cycle  E= -1.47730782508382  delta_E= -8.88e-16  |g|= 4.3e-11  |ddm|= 6.45e-11
converged SCF energy = -1.47730782508382  <S^2> = 2.6463192  2S+1 = 3.4037151


RestrictedHartreeFock
Energy: 4.0000, Error Max: 3.3953e-01, Avg: 3.7519e-02

r_rdm1 = 
        #0        #1        #2        #3        #4       
0       1.00000   0.66667  -0.00000  -0.33333   0.00000
1       0.66667   1.00000   0.66667  -0.00000  -0.33333
2      -0.00000   0.66667   1.00000   0.66667   0.00000
3      -0.33333  -0.00000   0.66667   1.00000   0.66667
4       0.00000  -0.33333   0.00000   0.66667   1.00000
5       0.66667   0.00000  -0.33333  -0.00000   0.66667
        #5       
0       0.66667
1       0.00000
2      -0.33333
3      -0.00000
4       0.66667
5       1.00000

u_rdm1_alph = 
        #0        #1        #2        #3        #4       
0       0.50000   0.33333  -0.00000  -0.16667   0.00000
1       0.33333   0.50000   0.33333  -0.00000  -0.16667
2      -0.00000   0.33333   0.50000   0.33333   0.00000
3      -0.16667  -0.00000   0.33333   0.50000   0.33333
4       0.00000  -0.16667   0.00000   0.33333   0.50000
5       0.33333   0.00000  -0.16667  -0.00000   0.33333
        #5       
0       0.33333
1       0.00000
2      -0.16667
3      -0.00000
4       0.33333
5       0.50000

u_rdm1_beta = 
        #0        #1        #2        #3        #4       
0       0.50000   0.33333  -0.00000  -0.16667   0.00000
1       0.33333   0.50000   0.33333  -0.00000  -0.16667
2      -0.00000   0.33333   0.50000   0.33333   0.00000
3      -0.16667  -0.00000   0.33333   0.50000   0.33333
4       0.00000  -0.16667   0.00000   0.33333   0.50000
5       0.33333   0.00000  -0.16667  -0.00000   0.33333
        #5       
0       0.33333
1       0.00000
2      -0.16667
3      -0.00000
4       0.33333
5       0.50000


UnrestrictedHartreeFock
Energy: -1.4773, Error Max: 8.4575e-02, Avg: 8.7529e-03

r_rdm1 = 
        #0        #1        #2        #3        #4       
0       1.00000   0.24256   0.00000  -0.01488   0.00000
1       0.24256   1.00000   0.24256  -0.00000  -0.01488
2       0.00000   0.24256   1.00000   0.24256   0.00000
3      -0.01488  -0.00000   0.24256   1.00000   0.24256
4       0.00000  -0.01488   0.00000   0.24256   1.00000
5       0.24256  -0.00000  -0.01488  -0.00000   0.24256
        #5       
0       0.24256
1      -0.00000
2      -0.01488
3      -0.00000
4       0.24256
5       1.00000

u_rdm1_alph = 
        #0        #1        #2        #3        #4       
0       0.96919   0.12128  -0.01396  -0.00744  -0.01396
1       0.12128   0.03081   0.12128   0.01396  -0.00744
2      -0.01396   0.12128   0.96919   0.12128  -0.01396
3      -0.00744   0.01396   0.12128   0.03081   0.12128
4      -0.01396  -0.00744  -0.01396   0.12128   0.96919
5       0.12128   0.01396  -0.00744   0.01396   0.12128
        #5       
0       0.12128
1       0.01396
2      -0.00744
3       0.01396
4       0.12128
5       0.03081

u_rdm1_beta = 
        #0        #1        #2        #3        #4       
0       0.03081   0.12128   0.01396  -0.00744   0.01396
1       0.12128   0.96919   0.12128  -0.01396  -0.00744
2       0.01396   0.12128   0.03081   0.12128   0.01396
3      -0.00744  -0.01396   0.12128   0.96919   0.12128
4       0.01396  -0.00744   0.01396   0.12128   0.03081
5       0.12128  -0.01396  -0.00744  -0.01396   0.12128
        #5       
0       0.12128
1      -0.01396
2      -0.00744
3      -0.01396
4       0.12128
5       0.96919


DirectSpin1FullConfigurationInteraction
Energy: -2.0481, Error Max: 0.0000e+00, Avg: 0.0000e+00

r_rdm1 = 
        #0        #1        #2        #3        #4       
0       1.00000   0.32714  -0.00000  -0.06223  -0.00000
1       0.32714   1.00000   0.32714   0.00000  -0.06223
2      -0.00000   0.32714   1.00000   0.32714  -0.00000
3      -0.06223   0.00000   0.32714   1.00000   0.32714
4      -0.00000  -0.06223  -0.00000   0.32714   1.00000
5       0.32714   0.00000  -0.06223   0.00000   0.32714
        #5       
0       0.32714
1       0.00000
2      -0.06223
3       0.00000
4       0.32714
5       1.00000

u_rdm1_alph = 
        #0        #1        #2        #3        #4       
0       0.50000   0.16357  -0.00000  -0.03112  -0.00000
1       0.16357   0.50000   0.16357   0.00000  -0.03112
2      -0.00000   0.16357   0.50000   0.16357  -0.00000
3      -0.03112   0.00000   0.16357   0.50000   0.16357
4      -0.00000  -0.03112  -0.00000   0.16357   0.50000
5       0.16357   0.00000  -0.03112   0.00000   0.16357
        #5       
0       0.16357
1       0.00000
2      -0.03112
3       0.00000
4       0.16357
5       0.50000

u_rdm1_beta = 
        #0        #1        #2        #3        #4       
0       0.50000   0.16357  -0.00000  -0.03112   0.00000
1       0.16357   0.50000   0.16357  -0.00000  -0.03112
2      -0.00000   0.16357   0.50000   0.16357   0.00000
3      -0.03112  -0.00000   0.16357   0.50000   0.16357
4       0.00000  -0.03112   0.00000   0.16357   0.50000
5       0.16357  -0.00000  -0.03112   0.00000   0.16357
        #5       
0       0.16357
1      -0.00000
2      -0.03112
3       0.00000
4       0.16357
5       0.50000


####################
gen_loss_function_u
nimp = 2, nsite = 6
nelecs = (3, 3)
loss_func_type = 1
Loss Function = 1.3507e+00, Error Mean: 3.7519e-02, Max: 3.3953e-01, Count: 0
Loss Function = 1.3802e+00, Error Mean: 3.8338e-02, Max: 4.6260e-01, Count: 1
Loss Function = 1.3760e+00, Error Mean: 3.8221e-02, Max: 4.4802e-01, Count: 2
Loss Function = 1.3092e+00, Error Mean: 3.6366e-02, Max: 4.4332e-01, Count: 3
Loss Function = 2.7717e-01, Error Mean: 7.6993e-03, Max: 7.5069e-02, Count: 4
Loss Function = 9.1415e-02, Error Mean: 2.5393e-03, Max: 3.6232e-02, Count: 5
Loss Function = 1.0402e-01, Error Mean: 2.8895e-03, Max: 3.0921e-02, Count: 6
Loss Function = 8.3694e-02, Error Mean: 2.3248e-03, Max: 3.3424e-02, Count: 7
Loss Function = 5.9532e-02, Error Mean: 1.6537e-03, Max: 2.3315e-02, Count: 8
Loss Function = 3.4247e-01, Error Mean: 9.5131e-03, Max: 1.3867e-01, Count: 9
Loss Function = 8.0722e-02, Error Mean: 2.2423e-03, Max: 2.7591e-02, Count: 10
Loss Function = 6.0281e-02, Error Mean: 1.6745e-03, Max: 2.4013e-02, Count: 11
Loss Function = 6.6321e-02, Error Mean: 1.8422e-03, Max: 2.1388e-02, Count: 12
Loss Function = 5.8510e-02, Error Mean: 1.6253e-03, Max: 2.3148e-02, Count: 13
Loss Function = 1.9856e-01, Error Mean: 5.5157e-03, Max: 5.5023e-02, Count: 14
Loss Function = 8.3016e-02, Error Mean: 2.3060e-03, Max: 2.6457e-02, Count: 15
Loss Function = 1.8240e-01, Error Mean: 5.0666e-03, Max: 5.8984e-02, Count: 16
Loss Function = 8.1083e-02, Error Mean: 2.2523e-03, Max: 2.7052e-02, Count: 17
Loss Function = 2.6174e-01, Error Mean: 7.2707e-03, Max: 9.8020e-02, Count: 18
Loss Function = 5.8485e-02, Error Mean: 1.6246e-03, Max: 2.3106e-02, Count: 19
Loss Function = 1.1307e-01, Error Mean: 3.1408e-03, Max: 3.7023e-02, Count: 20
Loss Function = 5.8620e-02, Error Mean: 1.6283e-03, Max: 2.3347e-02, Count: 21
Loss Function = 7.6434e-02, Error Mean: 2.1232e-03, Max: 2.7750e-02, Count: 22
Loss Function = 2.4589e-01, Error Mean: 6.8304e-03, Max: 8.9729e-02, Count: 23
Loss Function = 5.8499e-02, Error Mean: 1.6250e-03, Max: 2.3119e-02, Count: 24
Loss Function = 6.0828e-02, Error Mean: 1.6897e-03, Max: 2.4339e-02, Count: 25
Loss Function = 1.7540e-01, Error Mean: 4.8722e-03, Max: 6.2736e-02, Count: 26
Loss Function = 3.5005e-01, Error Mean: 9.7236e-03, Max: 1.2348e-01, Count: 27
Loss Function = 4.0001e-01, Error Mean: 1.1111e-02, Max: 1.5731e-01, Count: 28
Loss Function = 5.9706e-02, Error Mean: 1.6585e-03, Max: 2.3963e-02, Count: 29
Loss Function = 1.1551e-01, Error Mean: 3.2085e-03, Max: 3.2362e-02, Count: 30
Loss Function = 6.4272e-02, Error Mean: 1.7853e-03, Max: 2.3673e-02, Count: 31
Loss Function = 5.9693e-02, Error Mean: 1.6581e-03, Max: 2.3551e-02, Count: 32
Loss Function = 5.8485e-02, Error Mean: 1.6246e-03, Max: 2.3107e-02, Count: 33
Loss Function = 2.2755e-01, Error Mean: 6.3208e-03, Max: 8.0722e-02, Count: 34
Loss Function = 9.7110e-02, Error Mean: 2.6975e-03, Max: 3.0672e-02, Count: 35
Loss Function = 8.5200e-02, Error Mean: 2.3667e-03, Max: 2.6058e-02, Count: 36
Loss Function = 2.2501e-01, Error Mean: 6.2504e-03, Max: 7.5858e-02, Count: 37
Loss Function = 4.4173e-01, Error Mean: 1.2270e-02, Max: 1.6983e-01, Count: 38
Loss Function = 9.3179e-02, Error Mean: 2.5883e-03, Max: 2.7892e-02, Count: 39
Loss Function = 5.8485e-02, Error Mean: 1.6246e-03, Max: 2.3106e-02, Count: 40
Loss Function = 6.4860e-02, Error Mean: 1.8017e-03, Max: 2.6377e-02, Count: 41
Loss Function = 2.2222e-01, Error Mean: 6.1729e-03, Max: 7.2574e-02, Count: 42
Loss Function = 1.9950e-01, Error Mean: 5.5416e-03, Max: 7.0264e-02, Count: 43
Loss Function = 5.3591e-01, Error Mean: 1.4886e-02, Max: 2.0968e-01, Count: 44
Loss Function = 2.2092e-01, Error Mean: 6.1367e-03, Max: 6.6225e-02, Count: 45
Loss Function = 2.5041e-01, Error Mean: 6.9560e-03, Max: 7.1956e-02, Count: 46
Loss Function = 3.0333e-01, Error Mean: 8.4257e-03, Max: 8.0978e-02, Count: 47
Loss Function = 6.6372e-01, Error Mean: 1.8437e-02, Max: 2.3865e-01, Count: 48
Loss Function = 3.6053e-01, Error Mean: 1.0015e-02, Max: 1.1536e-01, Count: 49
Loss Function = 6.8116e-02, Error Mean: 1.8921e-03, Max: 2.7281e-02, Count: 50
Loss Function = 4.0882e-01, Error Mean: 1.1356e-02, Max: 1.5662e-01, Count: 51
Loss Function = 2.5377e-01, Error Mean: 7.0493e-03, Max: 7.3574e-02, Count: 52
Loss Function = 1.6406e-01, Error Mean: 4.5571e-03, Max: 5.4391e-02, Count: 53
Loss Function = 3.3358e-01, Error Mean: 9.2662e-03, Max: 1.1972e-01, Count: 54
Loss Function = 5.1499e-01, Error Mean: 1.4305e-02, Max: 1.9632e-01, Count: 55
Loss Function = 2.1048e-01, Error Mean: 5.8468e-03, Max: 5.9780e-02, Count: 56
Loss Function = 3.2887e-01, Error Mean: 9.1353e-03, Max: 1.1742e-01, Count: 57
Loss Function = 3.7767e-01, Error Mean: 1.0491e-02, Max: 9.8476e-02, Count: 58
Loss Function = 1.8344e-01, Error Mean: 5.0955e-03, Max: 6.5827e-02, Count: 59
Loss Function = 3.1859e-01, Error Mean: 8.8497e-03, Max: 1.0076e-01, Count: 60
Loss Function = 2.7351e-01, Error Mean: 7.5976e-03, Max: 6.4245e-02, Count: 61
Loss Function = 1.0179e-01, Error Mean: 2.8275e-03, Max: 3.1225e-02, Count: 62
Loss Function = 2.2802e-01, Error Mean: 6.3338e-03, Max: 9.1835e-02, Count: 63
Loss Function = 6.0000e-02, Error Mean: 1.6667e-03, Max: 2.4040e-02, Count: 64
Loss Function = 1.6267e-01, Error Mean: 4.5185e-03, Max: 4.1631e-02, Count: 65
Loss Function = 5.8486e-02, Error Mean: 1.6246e-03, Max: 2.3116e-02, Count: 66
Loss Function = 4.7802e-01, Error Mean: 1.3278e-02, Max: 1.8106e-01, Count: 67
Loss Function = 1.6595e-01, Error Mean: 4.6096e-03, Max: 5.5885e-02, Count: 68
Loss Function = 5.8485e-02, Error Mean: 1.6246e-03, Max: 2.3105e-02, Count: 69
Loss Function = 5.8493e-02, Error Mean: 1.6248e-03, Max: 2.3098e-02, Count: 70
Loss Function = 1.7517e-01, Error Mean: 4.8660e-03, Max: 4.2521e-02, Count: 71
Loss Function = 5.8485e-02, Error Mean: 1.6246e-03, Max: 2.3105e-02, Count: 72
Loss Function = 1.5229e-01, Error Mean: 4.2302e-03, Max: 4.6351e-02, Count: 73
Loss Function = 6.4337e-01, Error Mean: 1.7871e-02, Max: 2.4034e-01, Count: 74
Loss Function = 1.4524e-01, Error Mean: 4.0343e-03, Max: 4.5840e-02, Count: 75
Loss Function = 1.7421e-01, Error Mean: 4.8393e-03, Max: 5.8018e-02, Count: 76
Loss Function = 1.3965e-01, Error Mean: 3.8791e-03, Max: 3.5081e-02, Count: 77
Loss Function = 1.3857e-01, Error Mean: 3.8492e-03, Max: 4.1745e-02, Count: 78
Loss Function = 7.5725e-02, Error Mean: 2.1035e-03, Max: 2.3016e-02, Count: 79
Loss Function = 1.0627e-01, Error Mean: 2.9519e-03, Max: 3.7817e-02, Count: 80
Loss Function = 4.7872e-01, Error Mean: 1.3298e-02, Max: 1.4646e-01, Count: 81
Loss Function = 3.4659e-01, Error Mean: 9.6274e-03, Max: 1.1838e-01, Count: 82
Loss Function = 7.4699e-02, Error Mean: 2.0750e-03, Max: 2.7388e-02, Count: 83
Loss Function = 9.7280e-02, Error Mean: 2.7022e-03, Max: 3.2296e-02, Count: 84
Loss Function = 5.4625e-01, Error Mean: 1.5174e-02, Max: 2.1315e-01, Count: 85
Loss Function = 6.2237e-02, Error Mean: 1.7288e-03, Max: 2.4525e-02, Count: 86
Loss Function = 6.1046e-02, Error Mean: 1.6957e-03, Max: 2.3798e-02, Count: 87
Loss Function = 4.9451e-01, Error Mean: 1.3736e-02, Max: 1.4954e-01, Count: 88
Loss Function = 6.5328e-01, Error Mean: 1.8147e-02, Max: 2.5691e-01, Count: 89
Loss Function = 1.0837e-01, Error Mean: 3.0104e-03, Max: 3.2508e-02, Count: 90
Loss Function = 7.1844e-01, Error Mean: 1.9957e-02, Max: 2.7684e-01, Count: 91
Loss Function = 2.0832e-01, Error Mean: 5.7866e-03, Max: 5.8908e-02, Count: 92
Loss Function = 1.6200e-01, Error Mean: 4.4999e-03, Max: 5.6283e-02, Count: 93
Loss Function = 4.7360e-01, Error Mean: 1.3155e-02, Max: 1.5519e-01, Count: 94
Loss Function = 1.6678e-01, Error Mean: 4.6329e-03, Max: 5.6284e-02, Count: 95
Loss Function = 1.1113e-01, Error Mean: 3.0870e-03, Max: 3.0320e-02, Count: 96
Loss Function = 3.1094e-01, Error Mean: 8.6373e-03, Max: 8.9419e-02, Count: 97
Loss Function = 3.3348e-01, Error Mean: 9.2634e-03, Max: 9.7489e-02, Count: 98
Loss Function = 7.0728e-02, Error Mean: 1.9647e-03, Max: 2.7046e-02, Count: 99
Loss Function = 6.9906e-01, Error Mean: 1.9418e-02, Max: 2.7593e-01, Count: 100
Loss Function = 1.8482e-01, Error Mean: 5.1340e-03, Max: 6.2518e-02, Count: 101
Loss Function = 8.1876e-02, Error Mean: 2.2743e-03, Max: 2.6702e-02, Count: 102
Loss Function = 2.6594e-01, Error Mean: 7.3871e-03, Max: 9.7321e-02, Count: 103
Loss Function = 1.3241e-01, Error Mean: 3.6780e-03, Max: 3.7118e-02, Count: 104
Loss Function = 3.8736e-01, Error Mean: 1.0760e-02, Max: 1.3639e-01, Count: 105
Loss Function = 2.1622e-01, Error Mean: 6.0060e-03, Max: 6.9768e-02, Count: 106
Loss Function = 6.3522e-01, Error Mean: 1.7645e-02, Max: 2.0133e-01, Count: 107
Loss Function = 7.8896e-02, Error Mean: 2.1915e-03, Max: 2.7995e-02, Count: 108
Loss Function = 3.4436e-01, Error Mean: 9.5655e-03, Max: 9.3560e-02, Count: 109
Loss Function = 1.7866e-01, Error Mean: 4.9629e-03, Max: 5.9336e-02, Count: 110
Loss Function = 4.5213e-01, Error Mean: 1.2559e-02, Max: 1.4067e-01, Count: 111
Loss Function = 2.2865e-01, Error Mean: 6.3515e-03, Max: 8.2196e-02, Count: 112
Loss Function = 6.5312e-02, Error Mean: 1.8142e-03, Max: 2.5527e-02, Count: 113
Loss Function = 2.7659e-01, Error Mean: 7.6831e-03, Max: 8.1351e-02, Count: 114
Loss Function = 1.0581e+00, Error Mean: 2.9392e-02, Max: 3.7666e-01, Count: 115
Loss Function = 1.2991e-01, Error Mean: 3.6087e-03, Max: 4.1774e-02, Count: 116
Loss Function = 9.4253e-01, Error Mean: 2.6181e-02, Max: 3.7178e-01, Count: 117
Loss Function = 3.5990e-01, Error Mean: 9.9972e-03, Max: 1.1440e-01, Count: 118
Loss Function = 4.5645e-01, Error Mean: 1.2679e-02, Max: 1.5951e-01, Count: 119
Loss Function = 3.3591e-01, Error Mean: 9.3308e-03, Max: 1.0125e-01, Count: 120

Loss Function = 5.8485e-02
Success = True
Message = Optimization terminated successfully.
Count = 121
X = [-4.66974485e+00 -1.09473855e-04  3.44147774e-01  2.71327992e+00
  1.08212270e-04 -2.30013263e+00]
                    message: ['success condition satisfied']
                    success: True
                        fun: 0.058484990149736404
                          x: [-4.670e+00 -1.095e-04  3.441e-01  2.713e+00
                               1.082e-04 -2.300e+00]
                        nit: 120
      minimization_failures: 116
                       nfev: 2074
                       njev: 1078
 lowest_optimization_result:  message: Optimization terminated successfully.
                              success: True
                               status: 0
                                  fun: 0.058484990149736404
                                    x: [-4.670e+00 -1.095e-04  3.441e-01
                                         2.713e+00  1.082e-04 -2.300e+00]
                                  nit: 17
                                  jac: [-9.021e-06  1.766e-05  9.052e-06
                                         1.352e-05  3.439e-05 -1.355e-05]
                             hess_inv: [[ 2.871e+01  2.127e+01 ...
                                         -2.037e+01 -2.806e+01]
                                        [ 2.127e+01  1.734e+01 ...
                                         -1.663e+01 -2.193e+01]
                                        ...
                                        [-2.037e+01 -1.663e+01 ...
                                          1.651e+01  2.186e+01]
                                        [-2.806e+01 -2.193e+01 ...
                                          2.186e+01  3.114e+01]]
                                 nfev: 67
                                 njev: 38


####################
